{"/home/liuda/frontend-project-46/src/index.js": {"path":"/home/liuda/frontend-project-46/src/index.js","statementMap":{"0":{"start":{"line":6,"column":16},"end":{"line":12,"column":1}},"1":{"start":{"line":7,"column":16},"end":{"line":7,"column":32}},"2":{"start":{"line":8,"column":16},"end":{"line":8,"column":32}},"3":{"start":{"line":10,"column":15},"end":{"line":10,"column":37}},"4":{"start":{"line":11,"column":2},"end":{"line":11,"column":33}}},"fnMap":{"0":{"name":"(anonymous_0)","decl":{"start":{"line":6,"column":16},"end":{"line":6,"column":17}},"loc":{"start":{"line":6,"column":66},"end":{"line":12,"column":1}},"line":6}},"branchMap":{"0":{"loc":{"start":{"line":6,"column":39},"end":{"line":6,"column":61}},"type":"default-arg","locations":[{"start":{"line":6,"column":52},"end":{"line":6,"column":61}}],"line":6}},"s":{"0":1,"1":5,"2":5,"3":5,"4":5},"f":{"0":5},"b":{"0":[2]},"_coverageSchema":"1a1c01bbd47fc00a2c39e90264f33305004495a9","hash":"913bec0ed7316c21f288eef3556e8083d674ad3b"}
,"/home/liuda/frontend-project-46/src/parsers.js": {"path":"/home/liuda/frontend-project-46/src/parsers.js","statementMap":{"0":{"start":{"line":5,"column":14},"end":{"line":16,"column":1}},"1":{"start":{"line":6,"column":23},"end":{"line":6,"column":60}},"2":{"start":{"line":7,"column":18},"end":{"line":7,"column":56}},"3":{"start":{"line":8,"column":17},"end":{"line":8,"column":39}},"4":{"start":{"line":10,"column":2},"end":{"line":14,"column":3}},"5":{"start":{"line":11,"column":4},"end":{"line":11,"column":30}},"6":{"start":{"line":12,"column":9},"end":{"line":14,"column":3}},"7":{"start":{"line":13,"column":4},"end":{"line":13,"column":29}},"8":{"start":{"line":15,"column":2},"end":{"line":15,"column":50}}},"fnMap":{"0":{"name":"(anonymous_0)","decl":{"start":{"line":5,"column":14},"end":{"line":5,"column":15}},"loc":{"start":{"line":5,"column":28},"end":{"line":16,"column":1}},"line":5}},"branchMap":{"0":{"loc":{"start":{"line":10,"column":2},"end":{"line":14,"column":3}},"type":"if","locations":[{"start":{"line":10,"column":2},"end":{"line":14,"column":3}},{"start":{"line":12,"column":9},"end":{"line":14,"column":3}}],"line":10},"1":{"loc":{"start":{"line":12,"column":9},"end":{"line":14,"column":3}},"type":"if","locations":[{"start":{"line":12,"column":9},"end":{"line":14,"column":3}},{"start":{},"end":{}}],"line":12},"2":{"loc":{"start":{"line":12,"column":13},"end":{"line":12,"column":52}},"type":"binary-expr","locations":[{"start":{"line":12,"column":13},"end":{"line":12,"column":30}},{"start":{"line":12,"column":34},"end":{"line":12,"column":52}}],"line":12}},"s":{"0":1,"1":10,"2":10,"3":10,"4":10,"5":6,"6":4,"7":4,"8":0},"f":{"0":10},"b":{"0":[6,4],"1":[4,0],"2":[4,0]},"_coverageSchema":"1a1c01bbd47fc00a2c39e90264f33305004495a9","hash":"0bcddc14101b4a3c95f06af72a4127139c832326"}
,"/home/liuda/frontend-project-46/src/sortkeys.js": {"path":"/home/liuda/frontend-project-46/src/sortkeys.js","statementMap":{"0":{"start":{"line":1,"column":17},"end":{"line":37,"column":1}},"1":{"start":{"line":2,"column":16},"end":{"line":2,"column":34}},"2":{"start":{"line":3,"column":16},"end":{"line":3,"column":34}},"3":{"start":{"line":4,"column":18},"end":{"line":4,"column":47}},"4":{"start":{"line":5,"column":21},"end":{"line":5,"column":47}},"5":{"start":{"line":7,"column":2},"end":{"line":36,"column":4}},"6":{"start":{"line":8,"column":4},"end":{"line":10,"column":5}},"7":{"start":{"line":9,"column":6},"end":{"line":9,"column":56}},"8":{"start":{"line":11,"column":4},"end":{"line":13,"column":5}},"9":{"start":{"line":12,"column":6},"end":{"line":12,"column":54}},"10":{"start":{"line":14,"column":19},"end":{"line":14,"column":29}},"11":{"start":{"line":15,"column":19},"end":{"line":15,"column":29}},"12":{"start":{"line":17,"column":4},"end":{"line":19,"column":5}},"13":{"start":{"line":18,"column":6},"end":{"line":18,"column":54}},"14":{"start":{"line":21,"column":4},"end":{"line":28,"column":5}},"15":{"start":{"line":23,"column":6},"end":{"line":27,"column":7}},"16":{"start":{"line":30,"column":4},"end":{"line":35,"column":5}}},"fnMap":{"0":{"name":"(anonymous_0)","decl":{"start":{"line":1,"column":17},"end":{"line":1,"column":18}},"loc":{"start":{"line":1,"column":35},"end":{"line":37,"column":1}},"line":1},"1":{"name":"(anonymous_1)","decl":{"start":{"line":7,"column":24},"end":{"line":7,"column":25}},"loc":{"start":{"line":7,"column":33},"end":{"line":36,"column":3}},"line":7}},"branchMap":{"0":{"loc":{"start":{"line":8,"column":4},"end":{"line":10,"column":5}},"type":"if","locations":[{"start":{"line":8,"column":4},"end":{"line":10,"column":5}},{"start":{},"end":{}}],"line":8},"1":{"loc":{"start":{"line":11,"column":4},"end":{"line":13,"column":5}},"type":"if","locations":[{"start":{"line":11,"column":4},"end":{"line":13,"column":5}},{"start":{},"end":{}}],"line":11},"2":{"loc":{"start":{"line":17,"column":4},"end":{"line":19,"column":5}},"type":"if","locations":[{"start":{"line":17,"column":4},"end":{"line":19,"column":5}},{"start":{},"end":{}}],"line":17},"3":{"loc":{"start":{"line":21,"column":4},"end":{"line":28,"column":5}},"type":"if","locations":[{"start":{"line":21,"column":4},"end":{"line":28,"column":5}},{"start":{},"end":{}}],"line":21},"4":{"loc":{"start":{"line":21,"column":8},"end":{"line":22,"column":53}},"type":"binary-expr","locations":[{"start":{"line":21,"column":8},"end":{"line":21,"column":34}},{"start":{"line":21,"column":38},"end":{"line":21,"column":53}},{"start":{"line":22,"column":8},"end":{"line":22,"column":34}},{"start":{"line":22,"column":38},"end":{"line":22,"column":53}}],"line":21}},"s":{"0":1,"1":25,"2":25,"3":25,"4":25,"5":25,"6":90,"7":10,"8":80,"9":25,"10":55,"11":55,"12":55,"13":15,"14":40,"15":20,"16":20},"f":{"0":25,"1":90},"b":{"0":[10,80],"1":[25,55],"2":[15,40],"3":[20,20],"4":[40,25,25,20]},"_coverageSchema":"1a1c01bbd47fc00a2c39e90264f33305004495a9","hash":"3756441d796d8d7c8459639712c799f918b7fcb6"}
,"/home/liuda/frontend-project-46/src/formatters/index.js": {"path":"/home/liuda/frontend-project-46/src/formatters/index.js","statementMap":{"0":{"start":{"line":5,"column":20},"end":{"line":16,"column":1}},"1":{"start":{"line":6,"column":2},"end":{"line":15,"column":3}},"2":{"start":{"line":8,"column":6},"end":{"line":8,"column":32}},"3":{"start":{"line":10,"column":6},"end":{"line":10,"column":30}},"4":{"start":{"line":12,"column":6},"end":{"line":12,"column":29}},"5":{"start":{"line":14,"column":6},"end":{"line":14,"column":50}}},"fnMap":{"0":{"name":"(anonymous_0)","decl":{"start":{"line":5,"column":20},"end":{"line":5,"column":21}},"loc":{"start":{"line":5,"column":38},"end":{"line":16,"column":1}},"line":5}},"branchMap":{"0":{"loc":{"start":{"line":6,"column":2},"end":{"line":15,"column":3}},"type":"switch","locations":[{"start":{"line":7,"column":4},"end":{"line":8,"column":32}},{"start":{"line":9,"column":4},"end":{"line":10,"column":30}},{"start":{"line":11,"column":4},"end":{"line":12,"column":29}},{"start":{"line":13,"column":4},"end":{"line":14,"column":50}}],"line":6}},"s":{"0":1,"1":5,"2":2,"3":2,"4":1,"5":0},"f":{"0":5},"b":{"0":[2,2,1,0]},"_coverageSchema":"1a1c01bbd47fc00a2c39e90264f33305004495a9","hash":"295fc5a4a37ffaf4354b852423f19466511b2b9e"}
,"/home/liuda/frontend-project-46/src/formatters/json.js": {"path":"/home/liuda/frontend-project-46/src/formatters/json.js","statementMap":{"0":{"start":{"line":1,"column":19},"end":{"line":3,"column":1}},"1":{"start":{"line":2,"column":2},"end":{"line":2,"column":38}}},"fnMap":{"0":{"name":"(anonymous_0)","decl":{"start":{"line":1,"column":19},"end":{"line":1,"column":20}},"loc":{"start":{"line":1,"column":29},"end":{"line":3,"column":1}},"line":1}},"branchMap":{},"s":{"0":1,"1":1},"f":{"0":1},"b":{},"_coverageSchema":"1a1c01bbd47fc00a2c39e90264f33305004495a9","hash":"ba5eb78a7901468be8aeebc0fa9589df8387215e"}
,"/home/liuda/frontend-project-46/src/formatters/plain.js": {"path":"/home/liuda/frontend-project-46/src/formatters/plain.js","statementMap":{"0":{"start":{"line":1,"column":18},"end":{"line":6,"column":1}},"1":{"start":{"line":2,"column":2},"end":{"line":2,"column":35}},"2":{"start":{"line":2,"column":22},"end":{"line":2,"column":35}},"3":{"start":{"line":3,"column":2},"end":{"line":3,"column":57}},"4":{"start":{"line":3,"column":33},"end":{"line":3,"column":57}},"5":{"start":{"line":4,"column":2},"end":{"line":4,"column":52}},"6":{"start":{"line":4,"column":33},"end":{"line":4,"column":52}},"7":{"start":{"line":5,"column":2},"end":{"line":5,"column":22}},"8":{"start":{"line":8,"column":20},"end":{"line":35,"column":1}},"9":{"start":{"line":9,"column":16},"end":{"line":32,"column":4}},"10":{"start":{"line":10,"column":26},"end":{"line":10,"column":30}},"11":{"start":{"line":11,"column":23},"end":{"line":11,"column":62}},"12":{"start":{"line":13,"column":4},"end":{"line":31,"column":5}},"13":{"start":{"line":15,"column":8},"end":{"line":15,"column":53}},"14":{"start":{"line":18,"column":8},"end":{"line":18,"column":88}},"15":{"start":{"line":21,"column":8},"end":{"line":21,"column":53}},"16":{"start":{"line":24,"column":8},"end":{"line":24,"column":118}},"17":{"start":{"line":27,"column":8},"end":{"line":27,"column":17}},"18":{"start":{"line":30,"column":8},"end":{"line":30,"column":58}},"19":{"start":{"line":34,"column":2},"end":{"line":34,"column":25}}},"fnMap":{"0":{"name":"(anonymous_0)","decl":{"start":{"line":1,"column":18},"end":{"line":1,"column":19}},"loc":{"start":{"line":1,"column":29},"end":{"line":6,"column":1}},"line":1},"1":{"name":"(anonymous_1)","decl":{"start":{"line":8,"column":20},"end":{"line":8,"column":21}},"loc":{"start":{"line":8,"column":46},"end":{"line":35,"column":1}},"line":8},"2":{"name":"(anonymous_2)","decl":{"start":{"line":9,"column":29},"end":{"line":9,"column":30}},"loc":{"start":{"line":9,"column":39},"end":{"line":32,"column":3}},"line":9}},"branchMap":{"0":{"loc":{"start":{"line":2,"column":2},"end":{"line":2,"column":35}},"type":"if","locations":[{"start":{"line":2,"column":2},"end":{"line":2,"column":35}},{"start":{},"end":{}}],"line":2},"1":{"loc":{"start":{"line":3,"column":2},"end":{"line":3,"column":57}},"type":"if","locations":[{"start":{"line":3,"column":2},"end":{"line":3,"column":57}},{"start":{},"end":{}}],"line":3},"2":{"loc":{"start":{"line":4,"column":2},"end":{"line":4,"column":52}},"type":"if","locations":[{"start":{"line":4,"column":2},"end":{"line":4,"column":52}},{"start":{},"end":{}}],"line":4},"3":{"loc":{"start":{"line":8,"column":27},"end":{"line":8,"column":41}},"type":"default-arg","locations":[{"start":{"line":8,"column":39},"end":{"line":8,"column":41}}],"line":8},"4":{"loc":{"start":{"line":11,"column":23},"end":{"line":11,"column":62}},"type":"cond-expr","locations":[{"start":{"line":11,"column":35},"end":{"line":11,"column":56}},{"start":{"line":11,"column":59},"end":{"line":11,"column":62}}],"line":11},"5":{"loc":{"start":{"line":13,"column":4},"end":{"line":31,"column":5}},"type":"switch","locations":[{"start":{"line":14,"column":6},"end":{"line":15,"column":53}},{"start":{"line":17,"column":6},"end":{"line":18,"column":88}},{"start":{"line":20,"column":6},"end":{"line":21,"column":53}},{"start":{"line":23,"column":6},"end":{"line":24,"column":118}},{"start":{"line":26,"column":6},"end":{"line":27,"column":17}},{"start":{"line":29,"column":6},"end":{"line":30,"column":58}}],"line":13}},"s":{"0":1,"1":26,"2":2,"3":24,"4":6,"5":18,"6":14,"7":4,"8":1,"9":10,"10":36,"11":36,"12":36,"13":8,"14":10,"15":4,"16":8,"17":6,"18":0,"19":10},"f":{"0":26,"1":10,"2":36},"b":{"0":[2,24],"1":[6,18],"2":[14,4],"3":[2],"4":[28,8],"5":[8,10,4,8,6,0]},"_coverageSchema":"1a1c01bbd47fc00a2c39e90264f33305004495a9","hash":"a4d6216778b106b468fe3d682991ad963ab1734f"}
,"/home/liuda/frontend-project-46/src/formatters/stylish.js": {"path":"/home/liuda/frontend-project-46/src/formatters/stylish.js","statementMap":{"0":{"start":{"line":2,"column":20},"end":{"line":2,"column":21}},"1":{"start":{"line":4,"column":18},"end":{"line":16,"column":1}},"2":{"start":{"line":5,"column":2},"end":{"line":5,"column":35}},"3":{"start":{"line":5,"column":22},"end":{"line":5,"column":35}},"4":{"start":{"line":6,"column":2},"end":{"line":6,"column":53}},"5":{"start":{"line":6,"column":33},"end":{"line":6,"column":53}},"6":{"start":{"line":8,"column":24},"end":{"line":8,"column":55}},"7":{"start":{"line":9,"column":24},"end":{"line":9,"column":61}},"8":{"start":{"line":11,"column":16},"end":{"line":13,"column":3}},"9":{"start":{"line":12,"column":16},"end":{"line":12,"column":66}},"10":{"start":{"line":15,"column":2},"end":{"line":15,"column":52}},"11":{"start":{"line":18,"column":22},"end":{"line":72,"column":1}},"12":{"start":{"line":19,"column":17},"end":{"line":19,"column":52}},"13":{"start":{"line":20,"column":24},"end":{"line":20,"column":61}},"14":{"start":{"line":22,"column":16},"end":{"line":69,"column":4}},"15":{"start":{"line":23,"column":26},"end":{"line":23,"column":30}},"16":{"start":{"line":25,"column":4},"end":{"line":68,"column":5}},"17":{"start":{"line":27,"column":8},"end":{"line":27,"column":78}},"18":{"start":{"line":30,"column":8},"end":{"line":33,"column":9}},"19":{"start":{"line":32,"column":10},"end":{"line":32,"column":85}},"20":{"start":{"line":34,"column":8},"end":{"line":34,"column":71}},"21":{"start":{"line":38,"column":8},"end":{"line":40,"column":9}},"22":{"start":{"line":39,"column":10},"end":{"line":39,"column":83}},"23":{"start":{"line":41,"column":8},"end":{"line":41,"column":71}},"24":{"start":{"line":44,"column":8},"end":{"line":49,"column":9}},"25":{"start":{"line":45,"column":10},"end":{"line":48,"column":11}},"26":{"start":{"line":51,"column":8},"end":{"line":56,"column":9}},"27":{"start":{"line":52,"column":10},"end":{"line":55,"column":12}},"28":{"start":{"line":58,"column":8},"end":{"line":61,"column":9}},"29":{"start":{"line":64,"column":8},"end":{"line":64,"column":71}},"30":{"start":{"line":67,"column":8},"end":{"line":67,"column":58}},"31":{"start":{"line":71,"column":2},"end":{"line":71,"column":52}}},"fnMap":{"0":{"name":"(anonymous_0)","decl":{"start":{"line":4,"column":18},"end":{"line":4,"column":19}},"loc":{"start":{"line":4,"column":40},"end":{"line":16,"column":1}},"line":4},"1":{"name":"(anonymous_1)","decl":{"start":{"line":12,"column":4},"end":{"line":12,"column":5}},"loc":{"start":{"line":12,"column":16},"end":{"line":12,"column":66}},"line":12},"2":{"name":"(anonymous_2)","decl":{"start":{"line":18,"column":22},"end":{"line":18,"column":23}},"loc":{"start":{"line":18,"column":43},"end":{"line":72,"column":1}},"line":18},"3":{"name":"(anonymous_3)","decl":{"start":{"line":22,"column":29},"end":{"line":22,"column":30}},"loc":{"start":{"line":22,"column":39},"end":{"line":69,"column":3}},"line":22}},"branchMap":{"0":{"loc":{"start":{"line":4,"column":26},"end":{"line":4,"column":35}},"type":"default-arg","locations":[{"start":{"line":4,"column":34},"end":{"line":4,"column":35}}],"line":4},"1":{"loc":{"start":{"line":5,"column":2},"end":{"line":5,"column":35}},"type":"if","locations":[{"start":{"line":5,"column":2},"end":{"line":5,"column":35}},{"start":{},"end":{}}],"line":5},"2":{"loc":{"start":{"line":6,"column":2},"end":{"line":6,"column":53}},"type":"if","locations":[{"start":{"line":6,"column":2},"end":{"line":6,"column":53}},{"start":{},"end":{}}],"line":6},"3":{"loc":{"start":{"line":18,"column":29},"end":{"line":18,"column":38}},"type":"default-arg","locations":[{"start":{"line":18,"column":37},"end":{"line":18,"column":38}}],"line":18},"4":{"loc":{"start":{"line":25,"column":4},"end":{"line":68,"column":5}},"type":"switch","locations":[{"start":{"line":26,"column":6},"end":{"line":27,"column":78}},{"start":{"line":28,"column":6},"end":{"line":34,"column":71}},{"start":{"line":36,"column":6},"end":{"line":41,"column":71}},{"start":{"line":42,"column":6},"end":{"line":61,"column":9}},{"start":{"line":63,"column":6},"end":{"line":64,"column":71}},{"start":{"line":66,"column":6},"end":{"line":67,"column":58}}],"line":25},"5":{"loc":{"start":{"line":30,"column":8},"end":{"line":33,"column":9}},"type":"if","locations":[{"start":{"line":30,"column":8},"end":{"line":33,"column":9}},{"start":{},"end":{}}],"line":30},"6":{"loc":{"start":{"line":38,"column":8},"end":{"line":40,"column":9}},"type":"if","locations":[{"start":{"line":38,"column":8},"end":{"line":40,"column":9}},{"start":{},"end":{}}],"line":38},"7":{"loc":{"start":{"line":44,"column":8},"end":{"line":49,"column":9}},"type":"if","locations":[{"start":{"line":44,"column":8},"end":{"line":49,"column":9}},{"start":{},"end":{}}],"line":44},"8":{"loc":{"start":{"line":51,"column":8},"end":{"line":56,"column":9}},"type":"if","locations":[{"start":{"line":51,"column":8},"end":{"line":56,"column":9}},{"start":{},"end":{}}],"line":51}},"s":{"0":1,"1":1,"2":52,"3":2,"4":50,"5":36,"6":14,"7":14,"8":14,"9":18,"10":14,"11":1,"12":10,"13":10,"14":10,"15":36,"16":36,"17":8,"18":10,"19":2,"20":8,"21":4,"22":2,"23":2,"24":8,"25":2,"26":6,"27":2,"28":4,"29":6,"30":0,"31":10},"f":{"0":52,"1":18,"2":10,"3":36},"b":{"0":[0],"1":[2,50],"2":[36,14],"3":[2],"4":[8,10,4,8,6,0],"5":[2,8],"6":[2,2],"7":[2,6],"8":[2,4]},"_coverageSchema":"1a1c01bbd47fc00a2c39e90264f33305004495a9","hash":"4668439944d12a228efbd935427f9b5a7bf38654"}
}
