{"/home/liuda/frontend-project-46/src/index.js": {"path":"/home/liuda/frontend-project-46/src/index.js","statementMap":{"0":{"start":{"line":5,"column":16},"end":{"line":10,"column":1}},"1":{"start":{"line":6,"column":16},"end":{"line":6,"column":36}},"2":{"start":{"line":7,"column":16},"end":{"line":7,"column":36}},"3":{"start":{"line":8,"column":15},"end":{"line":8,"column":37}},"4":{"start":{"line":9,"column":2},"end":{"line":9,"column":33}}},"fnMap":{"0":{"name":"(anonymous_0)","decl":{"start":{"line":5,"column":16},"end":{"line":5,"column":17}},"loc":{"start":{"line":5,"column":66},"end":{"line":10,"column":1}},"line":5}},"branchMap":{"0":{"loc":{"start":{"line":5,"column":39},"end":{"line":5,"column":61}},"type":"default-arg","locations":[{"start":{"line":5,"column":52},"end":{"line":5,"column":61}}],"line":5}},"s":{"0":1,"1":4,"2":4,"3":4,"4":4},"f":{"0":4},"b":{"0":[1]},"_coverageSchema":"1a1c01bbd47fc00a2c39e90264f33305004495a9","hash":"1cd3953f2d47c6ce3bd7784cb01eab2137d62eac"}
,"/home/liuda/frontend-project-46/src/parsers.js": {"path":"/home/liuda/frontend-project-46/src/parsers.js","statementMap":{"0":{"start":{"line":5,"column":20},"end":{"line":14,"column":1}},"1":{"start":{"line":7,"column":4},"end":{"line":7,"column":48}},"2":{"start":{"line":11,"column":25},"end":{"line":11,"column":62}},"3":{"start":{"line":12,"column":4},"end":{"line":12,"column":49}},"4":{"start":{"line":16,"column":22},"end":{"line":24,"column":1}},"5":{"start":{"line":18,"column":4},"end":{"line":18,"column":47}},"6":{"start":{"line":22,"column":4},"end":{"line":22,"column":54}},"7":{"start":{"line":26,"column":19},"end":{"line":34,"column":1}},"8":{"start":{"line":28,"column":4},"end":{"line":28,"column":30}},"9":{"start":{"line":32,"column":4},"end":{"line":32,"column":29}},"10":{"start":{"line":36,"column":18},"end":{"line":50,"column":1}},"11":{"start":{"line":37,"column":18},"end":{"line":37,"column":48}},"12":{"start":{"line":38,"column":17},"end":{"line":38,"column":50}},"13":{"start":{"line":39,"column":2},"end":{"line":41,"column":3}},"14":{"start":{"line":40,"column":4},"end":{"line":40,"column":52}},"15":{"start":{"line":43,"column":2},"end":{"line":45,"column":3}},"16":{"start":{"line":44,"column":4},"end":{"line":44,"column":40}},"17":{"start":{"line":47,"column":2},"end":{"line":49,"column":3}},"18":{"start":{"line":48,"column":4},"end":{"line":48,"column":40}}},"fnMap":{"0":{"name":"(anonymous_0)","decl":{"start":{"line":6,"column":19},"end":{"line":6,"column":20}},"loc":{"start":{"line":6,"column":33},"end":{"line":8,"column":3}},"line":6},"1":{"name":"(anonymous_1)","decl":{"start":{"line":10,"column":12},"end":{"line":10,"column":13}},"loc":{"start":{"line":10,"column":26},"end":{"line":13,"column":3}},"line":10},"2":{"name":"(anonymous_2)","decl":{"start":{"line":17,"column":13},"end":{"line":17,"column":14}},"loc":{"start":{"line":17,"column":27},"end":{"line":19,"column":3}},"line":17},"3":{"name":"(anonymous_3)","decl":{"start":{"line":21,"column":15},"end":{"line":21,"column":16}},"loc":{"start":{"line":21,"column":27},"end":{"line":23,"column":3}},"line":21},"4":{"name":"(anonymous_4)","decl":{"start":{"line":27,"column":13},"end":{"line":27,"column":14}},"loc":{"start":{"line":27,"column":26},"end":{"line":29,"column":3}},"line":27},"5":{"name":"(anonymous_5)","decl":{"start":{"line":31,"column":13},"end":{"line":31,"column":14}},"loc":{"start":{"line":31,"column":26},"end":{"line":33,"column":3}},"line":31},"6":{"name":"(anonymous_6)","decl":{"start":{"line":36,"column":18},"end":{"line":36,"column":19}},"loc":{"start":{"line":36,"column":32},"end":{"line":50,"column":1}},"line":36}},"branchMap":{"0":{"loc":{"start":{"line":39,"column":2},"end":{"line":41,"column":3}},"type":"if","locations":[{"start":{"line":39,"column":2},"end":{"line":41,"column":3}},{"start":{},"end":{}}],"line":39},"1":{"loc":{"start":{"line":43,"column":2},"end":{"line":45,"column":3}},"type":"if","locations":[{"start":{"line":43,"column":2},"end":{"line":45,"column":3}},{"start":{},"end":{}}],"line":43},"2":{"loc":{"start":{"line":47,"column":2},"end":{"line":49,"column":3}},"type":"if","locations":[{"start":{"line":47,"column":2},"end":{"line":49,"column":3}},{"start":{},"end":{}}],"line":47},"3":{"loc":{"start":{"line":47,"column":6},"end":{"line":47,"column":45}},"type":"binary-expr","locations":[{"start":{"line":47,"column":6},"end":{"line":47,"column":23}},{"start":{"line":47,"column":27},"end":{"line":47,"column":45}}],"line":47}},"s":{"0":1,"1":8,"2":8,"3":8,"4":1,"5":8,"6":8,"7":1,"8":6,"9":2,"10":1,"11":8,"12":8,"13":8,"14":0,"15":8,"16":6,"17":2,"18":2},"f":{"0":8,"1":8,"2":8,"3":8,"4":6,"5":2,"6":8},"b":{"0":[0,8],"1":[6,2],"2":[2,0],"3":[2,0]},"_coverageSchema":"1a1c01bbd47fc00a2c39e90264f33305004495a9","hash":"932b83b149edd7928d56bf15f6b5a536528d48ac"}
,"/home/liuda/frontend-project-46/src/sortkeys.js": {"path":"/home/liuda/frontend-project-46/src/sortkeys.js","statementMap":{"0":{"start":{"line":1,"column":22},"end":{"line":33,"column":1}},"1":{"start":{"line":2,"column":16},"end":{"line":2,"column":34}},"2":{"start":{"line":3,"column":16},"end":{"line":3,"column":34}},"3":{"start":{"line":4,"column":18},"end":{"line":4,"column":47}},"4":{"start":{"line":5,"column":21},"end":{"line":5,"column":126}},"5":{"start":{"line":5,"column":56},"end":{"line":5,"column":125}},"6":{"start":{"line":6,"column":2},"end":{"line":32,"column":4}},"7":{"start":{"line":7,"column":4},"end":{"line":9,"column":5}},"8":{"start":{"line":8,"column":6},"end":{"line":8,"column":56}},"9":{"start":{"line":10,"column":4},"end":{"line":12,"column":5}},"10":{"start":{"line":11,"column":6},"end":{"line":11,"column":54}},"11":{"start":{"line":13,"column":19},"end":{"line":13,"column":29}},"12":{"start":{"line":14,"column":19},"end":{"line":14,"column":29}},"13":{"start":{"line":15,"column":4},"end":{"line":17,"column":5}},"14":{"start":{"line":16,"column":6},"end":{"line":16,"column":54}},"15":{"start":{"line":18,"column":4},"end":{"line":25,"column":5}},"16":{"start":{"line":20,"column":6},"end":{"line":24,"column":7}},"17":{"start":{"line":26,"column":4},"end":{"line":31,"column":5}}},"fnMap":{"0":{"name":"(anonymous_0)","decl":{"start":{"line":1,"column":22},"end":{"line":1,"column":23}},"loc":{"start":{"line":1,"column":40},"end":{"line":33,"column":1}},"line":1},"1":{"name":"(anonymous_1)","decl":{"start":{"line":5,"column":46},"end":{"line":5,"column":47}},"loc":{"start":{"line":5,"column":56},"end":{"line":5,"column":125}},"line":5},"2":{"name":"(anonymous_2)","decl":{"start":{"line":6,"column":24},"end":{"line":6,"column":25}},"loc":{"start":{"line":6,"column":33},"end":{"line":32,"column":3}},"line":6}},"branchMap":{"0":{"loc":{"start":{"line":7,"column":4},"end":{"line":9,"column":5}},"type":"if","locations":[{"start":{"line":7,"column":4},"end":{"line":9,"column":5}},{"start":{},"end":{}}],"line":7},"1":{"loc":{"start":{"line":10,"column":4},"end":{"line":12,"column":5}},"type":"if","locations":[{"start":{"line":10,"column":4},"end":{"line":12,"column":5}},{"start":{},"end":{}}],"line":10},"2":{"loc":{"start":{"line":15,"column":4},"end":{"line":17,"column":5}},"type":"if","locations":[{"start":{"line":15,"column":4},"end":{"line":17,"column":5}},{"start":{},"end":{}}],"line":15},"3":{"loc":{"start":{"line":18,"column":4},"end":{"line":25,"column":5}},"type":"if","locations":[{"start":{"line":18,"column":4},"end":{"line":25,"column":5}},{"start":{},"end":{}}],"line":18},"4":{"loc":{"start":{"line":18,"column":8},"end":{"line":19,"column":54}},"type":"binary-expr","locations":[{"start":{"line":18,"column":8},"end":{"line":18,"column":34}},{"start":{"line":18,"column":38},"end":{"line":18,"column":53}},{"start":{"line":19,"column":9},"end":{"line":19,"column":35}},{"start":{"line":19,"column":39},"end":{"line":19,"column":54}}],"line":18}},"s":{"0":1,"1":20,"2":20,"3":20,"4":20,"5":84,"6":20,"7":72,"8":8,"9":64,"10":20,"11":44,"12":44,"13":44,"14":12,"15":32,"16":16,"17":16},"f":{"0":20,"1":84,"2":72},"b":{"0":[8,64],"1":[20,44],"2":[12,32],"3":[16,16],"4":[32,20,20,16]},"_coverageSchema":"1a1c01bbd47fc00a2c39e90264f33305004495a9","hash":"3e4362df4e1cdd24fec94a4584ddec9d39259c37"}
,"/home/liuda/frontend-project-46/src/formatters/index.js": {"path":"/home/liuda/frontend-project-46/src/formatters/index.js","statementMap":{"0":{"start":{"line":5,"column":20},"end":{"line":16,"column":1}},"1":{"start":{"line":6,"column":2},"end":{"line":15,"column":3}},"2":{"start":{"line":8,"column":6},"end":{"line":8,"column":32}},"3":{"start":{"line":10,"column":6},"end":{"line":10,"column":30}},"4":{"start":{"line":12,"column":6},"end":{"line":12,"column":29}},"5":{"start":{"line":14,"column":6},"end":{"line":14,"column":50}}},"fnMap":{"0":{"name":"(anonymous_0)","decl":{"start":{"line":5,"column":20},"end":{"line":5,"column":21}},"loc":{"start":{"line":5,"column":38},"end":{"line":16,"column":1}},"line":5}},"branchMap":{"0":{"loc":{"start":{"line":6,"column":2},"end":{"line":15,"column":3}},"type":"switch","locations":[{"start":{"line":7,"column":4},"end":{"line":8,"column":32}},{"start":{"line":9,"column":4},"end":{"line":10,"column":30}},{"start":{"line":11,"column":4},"end":{"line":12,"column":29}},{"start":{"line":13,"column":4},"end":{"line":14,"column":50}}],"line":6}},"s":{"0":1,"1":4,"2":2,"3":1,"4":1,"5":0},"f":{"0":4},"b":{"0":[2,1,1,0]},"_coverageSchema":"1a1c01bbd47fc00a2c39e90264f33305004495a9","hash":"295fc5a4a37ffaf4354b852423f19466511b2b9e"}
,"/home/liuda/frontend-project-46/src/formatters/json.js": {"path":"/home/liuda/frontend-project-46/src/formatters/json.js","statementMap":{"0":{"start":{"line":1,"column":19},"end":{"line":3,"column":1}},"1":{"start":{"line":2,"column":2},"end":{"line":2,"column":38}}},"fnMap":{"0":{"name":"(anonymous_0)","decl":{"start":{"line":1,"column":19},"end":{"line":1,"column":20}},"loc":{"start":{"line":1,"column":29},"end":{"line":3,"column":1}},"line":1}},"branchMap":{},"s":{"0":1,"1":1},"f":{"0":1},"b":{},"_coverageSchema":"1a1c01bbd47fc00a2c39e90264f33305004495a9","hash":"ba5eb78a7901468be8aeebc0fa9589df8387215e"}
,"/home/liuda/frontend-project-46/src/formatters/plain.js": {"path":"/home/liuda/frontend-project-46/src/formatters/plain.js","statementMap":{"0":{"start":{"line":1,"column":18},"end":{"line":6,"column":1}},"1":{"start":{"line":2,"column":2},"end":{"line":2,"column":35}},"2":{"start":{"line":2,"column":22},"end":{"line":2,"column":35}},"3":{"start":{"line":3,"column":2},"end":{"line":3,"column":57}},"4":{"start":{"line":3,"column":33},"end":{"line":3,"column":57}},"5":{"start":{"line":4,"column":2},"end":{"line":4,"column":52}},"6":{"start":{"line":4,"column":33},"end":{"line":4,"column":52}},"7":{"start":{"line":5,"column":2},"end":{"line":5,"column":22}},"8":{"start":{"line":8,"column":20},"end":{"line":30,"column":1}},"9":{"start":{"line":9,"column":16},"end":{"line":27,"column":4}},"10":{"start":{"line":10,"column":26},"end":{"line":10,"column":30}},"11":{"start":{"line":11,"column":23},"end":{"line":11,"column":62}},"12":{"start":{"line":13,"column":4},"end":{"line":26,"column":5}},"13":{"start":{"line":15,"column":8},"end":{"line":15,"column":53}},"14":{"start":{"line":17,"column":8},"end":{"line":17,"column":88}},"15":{"start":{"line":19,"column":8},"end":{"line":19,"column":53}},"16":{"start":{"line":21,"column":8},"end":{"line":21,"column":118}},"17":{"start":{"line":23,"column":8},"end":{"line":23,"column":17}},"18":{"start":{"line":25,"column":8},"end":{"line":25,"column":58}},"19":{"start":{"line":29,"column":2},"end":{"line":29,"column":25}}},"fnMap":{"0":{"name":"(anonymous_0)","decl":{"start":{"line":1,"column":18},"end":{"line":1,"column":19}},"loc":{"start":{"line":1,"column":29},"end":{"line":6,"column":1}},"line":1},"1":{"name":"(anonymous_1)","decl":{"start":{"line":8,"column":20},"end":{"line":8,"column":21}},"loc":{"start":{"line":8,"column":46},"end":{"line":30,"column":1}},"line":8},"2":{"name":"(anonymous_2)","decl":{"start":{"line":9,"column":29},"end":{"line":9,"column":30}},"loc":{"start":{"line":9,"column":39},"end":{"line":27,"column":3}},"line":9}},"branchMap":{"0":{"loc":{"start":{"line":2,"column":2},"end":{"line":2,"column":35}},"type":"if","locations":[{"start":{"line":2,"column":2},"end":{"line":2,"column":35}},{"start":{},"end":{}}],"line":2},"1":{"loc":{"start":{"line":3,"column":2},"end":{"line":3,"column":57}},"type":"if","locations":[{"start":{"line":3,"column":2},"end":{"line":3,"column":57}},{"start":{},"end":{}}],"line":3},"2":{"loc":{"start":{"line":4,"column":2},"end":{"line":4,"column":52}},"type":"if","locations":[{"start":{"line":4,"column":2},"end":{"line":4,"column":52}},{"start":{},"end":{}}],"line":4},"3":{"loc":{"start":{"line":8,"column":27},"end":{"line":8,"column":41}},"type":"default-arg","locations":[{"start":{"line":8,"column":39},"end":{"line":8,"column":41}}],"line":8},"4":{"loc":{"start":{"line":11,"column":23},"end":{"line":11,"column":62}},"type":"cond-expr","locations":[{"start":{"line":11,"column":35},"end":{"line":11,"column":56}},{"start":{"line":11,"column":59},"end":{"line":11,"column":62}}],"line":11},"5":{"loc":{"start":{"line":13,"column":4},"end":{"line":26,"column":5}},"type":"switch","locations":[{"start":{"line":14,"column":6},"end":{"line":15,"column":53}},{"start":{"line":16,"column":6},"end":{"line":17,"column":88}},{"start":{"line":18,"column":6},"end":{"line":19,"column":53}},{"start":{"line":20,"column":6},"end":{"line":21,"column":118}},{"start":{"line":22,"column":6},"end":{"line":23,"column":17}},{"start":{"line":24,"column":6},"end":{"line":25,"column":58}}],"line":13}},"s":{"0":1,"1":13,"2":1,"3":12,"4":3,"5":9,"6":7,"7":2,"8":1,"9":5,"10":18,"11":18,"12":18,"13":4,"14":5,"15":2,"16":4,"17":3,"18":0,"19":5},"f":{"0":13,"1":5,"2":18},"b":{"0":[1,12],"1":[3,9],"2":[7,2],"3":[1],"4":[14,4],"5":[4,5,2,4,3,0]},"_coverageSchema":"1a1c01bbd47fc00a2c39e90264f33305004495a9","hash":"30f779d725a7c75a4425498105fec3280c0cbd61"}
,"/home/liuda/frontend-project-46/src/formatters/stylish.js": {"path":"/home/liuda/frontend-project-46/src/formatters/stylish.js","statementMap":{"0":{"start":{"line":1,"column":20},"end":{"line":1,"column":21}},"1":{"start":{"line":3,"column":18},"end":{"line":12,"column":1}},"2":{"start":{"line":4,"column":2},"end":{"line":4,"column":35}},"3":{"start":{"line":4,"column":22},"end":{"line":4,"column":35}},"4":{"start":{"line":5,"column":2},"end":{"line":5,"column":53}},"5":{"start":{"line":5,"column":33},"end":{"line":5,"column":53}},"6":{"start":{"line":6,"column":24},"end":{"line":6,"column":55}},"7":{"start":{"line":7,"column":24},"end":{"line":7,"column":61}},"8":{"start":{"line":8,"column":16},"end":{"line":10,"column":3}},"9":{"start":{"line":9,"column":16},"end":{"line":9,"column":66}},"10":{"start":{"line":11,"column":2},"end":{"line":11,"column":52}},"11":{"start":{"line":13,"column":22},"end":{"line":37,"column":1}},"12":{"start":{"line":14,"column":17},"end":{"line":14,"column":52}},"13":{"start":{"line":15,"column":24},"end":{"line":15,"column":61}},"14":{"start":{"line":16,"column":16},"end":{"line":35,"column":4}},"15":{"start":{"line":17,"column":26},"end":{"line":17,"column":30}},"16":{"start":{"line":18,"column":4},"end":{"line":34,"column":5}},"17":{"start":{"line":20,"column":8},"end":{"line":20,"column":78}},"18":{"start":{"line":22,"column":8},"end":{"line":22,"column":71}},"19":{"start":{"line":24,"column":8},"end":{"line":24,"column":71}},"20":{"start":{"line":26,"column":8},"end":{"line":29,"column":9}},"21":{"start":{"line":31,"column":8},"end":{"line":31,"column":71}},"22":{"start":{"line":33,"column":8},"end":{"line":33,"column":58}},"23":{"start":{"line":36,"column":2},"end":{"line":36,"column":52}}},"fnMap":{"0":{"name":"(anonymous_0)","decl":{"start":{"line":3,"column":18},"end":{"line":3,"column":19}},"loc":{"start":{"line":3,"column":40},"end":{"line":12,"column":1}},"line":3},"1":{"name":"(anonymous_1)","decl":{"start":{"line":9,"column":4},"end":{"line":9,"column":5}},"loc":{"start":{"line":9,"column":16},"end":{"line":9,"column":66}},"line":9},"2":{"name":"(anonymous_2)","decl":{"start":{"line":13,"column":22},"end":{"line":13,"column":23}},"loc":{"start":{"line":13,"column":43},"end":{"line":37,"column":1}},"line":13},"3":{"name":"(anonymous_3)","decl":{"start":{"line":16,"column":29},"end":{"line":16,"column":30}},"loc":{"start":{"line":16,"column":39},"end":{"line":35,"column":3}},"line":16}},"branchMap":{"0":{"loc":{"start":{"line":3,"column":26},"end":{"line":3,"column":35}},"type":"default-arg","locations":[{"start":{"line":3,"column":34},"end":{"line":3,"column":35}}],"line":3},"1":{"loc":{"start":{"line":4,"column":2},"end":{"line":4,"column":35}},"type":"if","locations":[{"start":{"line":4,"column":2},"end":{"line":4,"column":35}},{"start":{},"end":{}}],"line":4},"2":{"loc":{"start":{"line":5,"column":2},"end":{"line":5,"column":53}},"type":"if","locations":[{"start":{"line":5,"column":2},"end":{"line":5,"column":53}},{"start":{},"end":{}}],"line":5},"3":{"loc":{"start":{"line":13,"column":29},"end":{"line":13,"column":38}},"type":"default-arg","locations":[{"start":{"line":13,"column":37},"end":{"line":13,"column":38}}],"line":13},"4":{"loc":{"start":{"line":18,"column":4},"end":{"line":34,"column":5}},"type":"switch","locations":[{"start":{"line":19,"column":6},"end":{"line":20,"column":78}},{"start":{"line":21,"column":6},"end":{"line":22,"column":71}},{"start":{"line":23,"column":6},"end":{"line":24,"column":71}},{"start":{"line":25,"column":6},"end":{"line":29,"column":9}},{"start":{"line":30,"column":6},"end":{"line":31,"column":71}},{"start":{"line":32,"column":6},"end":{"line":33,"column":58}}],"line":18}},"s":{"0":1,"1":1,"2":54,"3":2,"4":52,"5":38,"6":14,"7":14,"8":14,"9":18,"10":14,"11":1,"12":10,"13":10,"14":10,"15":36,"16":36,"17":8,"18":10,"19":4,"20":8,"21":6,"22":0,"23":10},"f":{"0":54,"1":18,"2":10,"3":36},"b":{"0":[0],"1":[2,52],"2":[38,14],"3":[2],"4":[8,10,4,8,6,0]},"_coverageSchema":"1a1c01bbd47fc00a2c39e90264f33305004495a9","hash":"88b0349b0b089f9a25c34fa80bd9ce3ab63683e7"}
}
