TN:
SF:src/index.js
FN:5,(anonymous_0)
FNF:1
FNH:1
FNDA:4,(anonymous_0)
DA:5,1
DA:6,4
DA:7,4
DA:8,4
DA:9,4
LF:5
LH:5
BRDA:5,0,0,1
BRF:1
BRH:1
end_of_record
TN:
SF:src/parsers.js
FN:6,(anonymous_0)
FN:10,(anonymous_1)
FN:17,(anonymous_2)
FN:21,(anonymous_3)
FN:27,(anonymous_4)
FN:31,(anonymous_5)
FN:36,(anonymous_6)
FNF:7
FNH:7
FNDA:8,(anonymous_0)
FNDA:8,(anonymous_1)
FNDA:8,(anonymous_2)
FNDA:8,(anonymous_3)
FNDA:6,(anonymous_4)
FNDA:2,(anonymous_5)
FNDA:8,(anonymous_6)
DA:5,1
DA:7,8
DA:11,8
DA:12,8
DA:16,1
DA:18,8
DA:22,8
DA:26,1
DA:28,6
DA:32,2
DA:36,1
DA:37,8
DA:38,8
DA:39,8
DA:40,0
DA:43,8
DA:44,6
DA:47,2
DA:48,2
LF:19
LH:18
BRDA:39,0,0,0
BRDA:39,0,1,8
BRDA:43,1,0,6
BRDA:43,1,1,2
BRDA:47,2,0,2
BRDA:47,2,1,0
BRDA:47,3,0,2
BRDA:47,3,1,0
BRF:8
BRH:5
end_of_record
TN:
SF:src/sortkeys.js
FN:1,(anonymous_0)
FN:5,(anonymous_1)
FN:6,(anonymous_2)
FNF:3
FNH:3
FNDA:20,(anonymous_0)
FNDA:84,(anonymous_1)
FNDA:72,(anonymous_2)
DA:1,1
DA:2,20
DA:3,20
DA:4,20
DA:5,84
DA:6,20
DA:7,72
DA:8,8
DA:10,64
DA:11,20
DA:13,44
DA:14,44
DA:15,44
DA:16,12
DA:18,32
DA:20,16
DA:26,16
LF:17
LH:17
BRDA:7,0,0,8
BRDA:7,0,1,64
BRDA:10,1,0,20
BRDA:10,1,1,44
BRDA:15,2,0,12
BRDA:15,2,1,32
BRDA:18,3,0,16
BRDA:18,3,1,16
BRDA:18,4,0,32
BRDA:18,4,1,20
BRDA:18,4,2,20
BRDA:18,4,3,16
BRF:12
BRH:12
end_of_record
TN:
SF:src/formatters/index.js
FN:5,(anonymous_0)
FNF:1
FNH:1
FNDA:4,(anonymous_0)
DA:5,1
DA:6,4
DA:8,2
DA:10,1
DA:12,1
DA:14,0
LF:6
LH:5
BRDA:6,0,0,2
BRDA:6,0,1,1
BRDA:6,0,2,1
BRDA:6,0,3,0
BRF:4
BRH:3
end_of_record
TN:
SF:src/formatters/json.js
FN:1,(anonymous_0)
FNF:1
FNH:1
FNDA:1,(anonymous_0)
DA:1,1
DA:2,1
LF:2
LH:2
BRF:0
BRH:0
end_of_record
TN:
SF:src/formatters/plain.js
FN:1,(anonymous_0)
FN:8,(anonymous_1)
FN:9,(anonymous_2)
FNF:3
FNH:3
FNDA:13,(anonymous_0)
FNDA:5,(anonymous_1)
FNDA:18,(anonymous_2)
DA:1,1
DA:2,13
DA:3,12
DA:4,9
DA:5,2
DA:8,1
DA:9,5
DA:10,18
DA:11,18
DA:13,18
DA:15,4
DA:17,5
DA:19,2
DA:21,4
DA:23,3
DA:25,0
DA:29,5
LF:17
LH:16
BRDA:2,0,0,1
BRDA:2,0,1,12
BRDA:3,1,0,3
BRDA:3,1,1,9
BRDA:4,2,0,7
BRDA:4,2,1,2
BRDA:8,3,0,1
BRDA:11,4,0,14
BRDA:11,4,1,4
BRDA:13,5,0,4
BRDA:13,5,1,5
BRDA:13,5,2,2
BRDA:13,5,3,4
BRDA:13,5,4,3
BRDA:13,5,5,0
BRF:15
BRH:14
end_of_record
TN:
SF:src/formatters/stylish.js
FN:3,(anonymous_0)
FN:9,(anonymous_1)
FN:13,(anonymous_2)
FN:16,(anonymous_3)
FNF:4
FNH:4
FNDA:54,(anonymous_0)
FNDA:18,(anonymous_1)
FNDA:10,(anonymous_2)
FNDA:36,(anonymous_3)
DA:1,1
DA:3,1
DA:4,54
DA:5,52
DA:6,14
DA:7,14
DA:8,14
DA:9,18
DA:11,14
DA:13,1
DA:14,10
DA:15,10
DA:16,10
DA:17,36
DA:18,36
DA:20,8
DA:22,10
DA:24,4
DA:26,8
DA:31,6
DA:33,0
DA:36,10
LF:22
LH:21
BRDA:3,0,0,0
BRDA:4,1,0,2
BRDA:4,1,1,52
BRDA:5,2,0,38
BRDA:5,2,1,14
BRDA:13,3,0,2
BRDA:18,4,0,8
BRDA:18,4,1,10
BRDA:18,4,2,4
BRDA:18,4,3,8
BRDA:18,4,4,6
BRDA:18,4,5,0
BRF:12
BRH:10
end_of_record
