TN:
SF:src/index.js
FN:6,(anonymous_0)
FNF:1
FNH:1
FNDA:5,(anonymous_0)
DA:6,1
DA:7,5
DA:8,5
DA:10,5
DA:11,5
LF:5
LH:5
BRDA:6,0,0,2
BRF:1
BRH:1
end_of_record
TN:
SF:src/parsers.js
FN:5,(anonymous_0)
FNF:1
FNH:1
FNDA:10,(anonymous_0)
DA:5,1
DA:6,10
DA:7,10
DA:8,10
DA:10,10
DA:11,6
DA:12,4
DA:13,4
DA:15,0
LF:9
LH:8
BRDA:10,0,0,6
BRDA:10,0,1,4
BRDA:12,1,0,4
BRDA:12,1,1,0
BRDA:12,2,0,4
BRDA:12,2,1,0
BRF:6
BRH:4
end_of_record
TN:
SF:src/sortkeys.js
FN:1,(anonymous_0)
FN:7,(anonymous_1)
FNF:2
FNH:2
FNDA:25,(anonymous_0)
FNDA:90,(anonymous_1)
DA:1,1
DA:2,25
DA:3,25
DA:4,25
DA:5,25
DA:7,25
DA:8,90
DA:9,10
DA:11,80
DA:12,25
DA:14,55
DA:15,55
DA:17,55
DA:18,15
DA:21,40
DA:23,20
DA:30,20
LF:17
LH:17
BRDA:8,0,0,10
BRDA:8,0,1,80
BRDA:11,1,0,25
BRDA:11,1,1,55
BRDA:17,2,0,15
BRDA:17,2,1,40
BRDA:21,3,0,20
BRDA:21,3,1,20
BRDA:21,4,0,40
BRDA:21,4,1,25
BRDA:21,4,2,25
BRDA:21,4,3,20
BRF:12
BRH:12
end_of_record
TN:
SF:src/formatters/index.js
FN:5,(anonymous_0)
FNF:1
FNH:1
FNDA:5,(anonymous_0)
DA:5,1
DA:6,5
DA:8,2
DA:10,2
DA:12,1
DA:14,0
LF:6
LH:5
BRDA:6,0,0,2
BRDA:6,0,1,2
BRDA:6,0,2,1
BRDA:6,0,3,0
BRF:4
BRH:3
end_of_record
TN:
SF:src/formatters/json.js
FN:1,(anonymous_0)
FNF:1
FNH:1
FNDA:1,(anonymous_0)
DA:1,1
DA:2,1
LF:2
LH:2
BRF:0
BRH:0
end_of_record
TN:
SF:src/formatters/plain.js
FN:1,(anonymous_0)
FN:8,(anonymous_1)
FN:9,(anonymous_2)
FNF:3
FNH:3
FNDA:26,(anonymous_0)
FNDA:10,(anonymous_1)
FNDA:36,(anonymous_2)
DA:1,1
DA:2,26
DA:3,24
DA:4,18
DA:5,4
DA:8,1
DA:9,10
DA:10,36
DA:11,36
DA:13,36
DA:15,8
DA:18,10
DA:21,4
DA:24,8
DA:27,6
DA:30,0
DA:34,10
LF:17
LH:16
BRDA:2,0,0,2
BRDA:2,0,1,24
BRDA:3,1,0,6
BRDA:3,1,1,18
BRDA:4,2,0,14
BRDA:4,2,1,4
BRDA:8,3,0,2
BRDA:11,4,0,28
BRDA:11,4,1,8
BRDA:13,5,0,8
BRDA:13,5,1,10
BRDA:13,5,2,4
BRDA:13,5,3,8
BRDA:13,5,4,6
BRDA:13,5,5,0
BRF:15
BRH:14
end_of_record
TN:
SF:src/formatters/stylish.js
FN:4,(anonymous_0)
FN:12,(anonymous_1)
FN:18,(anonymous_2)
FN:22,(anonymous_3)
FNF:4
FNH:4
FNDA:52,(anonymous_0)
FNDA:18,(anonymous_1)
FNDA:10,(anonymous_2)
FNDA:36,(anonymous_3)
DA:2,1
DA:4,1
DA:5,52
DA:6,50
DA:8,14
DA:9,14
DA:11,14
DA:12,18
DA:15,14
DA:18,1
DA:19,10
DA:20,10
DA:22,10
DA:23,36
DA:25,36
DA:27,8
DA:30,10
DA:32,2
DA:34,8
DA:38,4
DA:39,2
DA:41,2
DA:44,8
DA:45,2
DA:51,6
DA:52,2
DA:58,4
DA:64,6
DA:67,0
DA:71,10
LF:30
LH:29
BRDA:4,0,0,0
BRDA:5,1,0,2
BRDA:5,1,1,50
BRDA:6,2,0,36
BRDA:6,2,1,14
BRDA:18,3,0,2
BRDA:25,4,0,8
BRDA:25,4,1,10
BRDA:25,4,2,4
BRDA:25,4,3,8
BRDA:25,4,4,6
BRDA:25,4,5,0
BRDA:30,5,0,2
BRDA:30,5,1,8
BRDA:38,6,0,2
BRDA:38,6,1,2
BRDA:44,7,0,2
BRDA:44,7,1,6
BRDA:51,8,0,2
BRDA:51,8,1,4
BRF:20
BRH:18
end_of_record
